<?xml version="1.0" encoding="UTF-8"?>
<testng-results ignored="0" total="2" passed="2" failed="0" skipped="0">
  <reporter-output>
  </reporter-output>
  <suite started-at="2023-09-01T17:46:12 PKT" name="Default suite" finished-at="2023-09-01T17:46:35 PKT" duration-ms="22571">
    <groups>
    </groups>
    <test started-at="2023-09-01T17:46:12 PKT" name="Default test" finished-at="2023-09-01T17:46:35 PKT" duration-ms="22571">
      <class name="MVC.FirstClass">
        <test-method signature="Login()[pri:0, instance:MVC.FirstClass@6aaceffd]" started-at="2023-09-01T17:46:12 PKT" name="Login" finished-at="2023-09-01T17:46:18 PKT" duration-ms="5633" status="PASS">
          <reporter-output>
          </reporter-output>
        </test-method> <!-- Login -->
        <test-method signature="cart()[pri:2, instance:MVC.FirstClass@6aaceffd]" started-at="2023-09-01T17:46:18 PKT" name="cart" finished-at="2023-09-01T17:46:35 PKT" duration-ms="16883" status="PASS">
          <reporter-output>
          </reporter-output>
        </test-method> <!-- cart -->
      </class> <!-- MVC.FirstClass -->
    </test> <!-- Default test -->
  </suite> <!-- Default suite -->
</testng-results>
